<?xml version="1.0" encoding="UTF-8"?>
<testsuite xmlns:xsi="http://www.w3.org/2001/XMLSchema-instance" xsi:noNamespaceSchemaLocation="https://maven.apache.org/surefire/maven-surefire-plugin/xsd/surefire-test-report.xsd" name="it.unipd.tos.UserTest" time="0.001" tests="4" errors="0" skipped="0" failures="0">
  <properties>
    <property name="java.specification.version" value="15"/>
    <property name="sun.jnu.encoding" value="UTF-8"/>
    <property name="java.class.path" value="/mnt/c/Users/Stefano/new-icecream-shop-manager/SecondoAssignmentTOS/target/test-classes:/mnt/c/Users/Stefano/new-icecream-shop-manager/SecondoAssignmentTOS/target/classes:/home/stefano/.m2/repository/junit/junit/4.8.2/junit-4.8.2.jar:"/>
    <property name="java.vm.vendor" value="AdoptOpenJDK"/>
    <property name="sun.arch.data.model" value="64"/>
    <property name="java.vendor.url" value="https://adoptopenjdk.net/"/>
    <property name="os.name" value="Linux"/>
    <property name="java.vm.specification.version" value="15"/>
    <property name="sun.java.launcher" value="SUN_STANDARD"/>
    <property name="user.country" value="US"/>
    <property name="sun.boot.library.path" value="/usr/lib/jvm/adoptopenjdk-15-hotspot-amd64/lib"/>
    <property name="sun.java.command" value="/mnt/c/Users/Stefano/new-icecream-shop-manager/SecondoAssignmentTOS/target/surefire/surefirebooter3897772562036581629.jar /mnt/c/Users/Stefano/new-icecream-shop-manager/SecondoAssignmentTOS/target/surefire 2020-12-08T18-01-51_990-jvmRun1 surefire8669873873844681184tmp surefire_09307763315401263390tmp"/>
    <property name="jdk.debug" value="release"/>
    <property name="surefire.test.class.path" value="/mnt/c/Users/Stefano/new-icecream-shop-manager/SecondoAssignmentTOS/target/test-classes:/mnt/c/Users/Stefano/new-icecream-shop-manager/SecondoAssignmentTOS/target/classes:/home/stefano/.m2/repository/junit/junit/4.8.2/junit-4.8.2.jar:"/>
    <property name="sun.cpu.endian" value="little"/>
    <property name="user.home" value="/home/stefano"/>
    <property name="user.language" value="en"/>
    <property name="java.specification.vendor" value="Oracle Corporation"/>
    <property name="java.version.date" value="2020-10-20"/>
    <property name="java.home" value="/usr/lib/jvm/adoptopenjdk-15-hotspot-amd64"/>
    <property name="file.separator" value="/"/>
    <property name="basedir" value="/mnt/c/Users/Stefano/new-icecream-shop-manager/SecondoAssignmentTOS"/>
    <property name="java.vm.compressedOopsMode" value="32-bit"/>
    <property name="line.separator" value="&#10;"/>
    <property name="java.vm.specification.vendor" value="Oracle Corporation"/>
    <property name="java.specification.name" value="Java Platform API Specification"/>
    <property name="surefire.real.class.path" value="/mnt/c/Users/Stefano/new-icecream-shop-manager/SecondoAssignmentTOS/target/surefire/surefirebooter3897772562036581629.jar"/>
    <property name="sun.management.compiler" value="HotSpot 64-Bit Tiered Compilers"/>
    <property name="java.runtime.version" value="15.0.1+9"/>
    <property name="user.name" value="stefano"/>
    <property name="path.separator" value=":"/>
    <property name="os.version" value="4.4.0-19041-Microsoft"/>
    <property name="java.runtime.name" value="OpenJDK Runtime Environment"/>
    <property name="file.encoding" value="UTF-8"/>
    <property name="java.vm.name" value="OpenJDK 64-Bit Server VM"/>
    <property name="java.vendor.version" value="AdoptOpenJDK"/>
    <property name="localRepository" value="/home/stefano/.m2/repository"/>
    <property name="java.vendor.url.bug" value="https://github.com/AdoptOpenJDK/openjdk-support/issues"/>
    <property name="java.io.tmpdir" value="/tmp"/>
    <property name="java.version" value="15.0.1"/>
    <property name="user.dir" value="/mnt/c/Users/Stefano/new-icecream-shop-manager/SecondoAssignmentTOS"/>
    <property name="os.arch" value="amd64"/>
    <property name="java.vm.specification.name" value="Java Virtual Machine Specification"/>
    <property name="java.library.path" value="/usr/java/packages/lib:/usr/lib64:/lib64:/lib:/usr/lib"/>
    <property name="java.vm.info" value="mixed mode, sharing"/>
    <property name="java.vendor" value="AdoptOpenJDK"/>
    <property name="java.vm.version" value="15.0.1+9"/>
    <property name="sun.io.unicode.encoding" value="UnicodeLittle"/>
    <property name="java.class.version" value="59.0"/>
  </properties>
  <testcase name="testGetUserName" classname="it.unipd.tos.UserTest" time="0"/>
  <testcase name="testUser" classname="it.unipd.tos.UserTest" time="0"/>
  <testcase name="testGetBirthDate" classname="it.unipd.tos.UserTest" time="0"/>
  <testcase name="testIsUnderage" classname="it.unipd.tos.UserTest" time="0"/>
</testsuite>